2017-01-04 16:39:27.249  INFO 9100 --- [main] com.quizz.database.AppBoot               : Starting AppBoot on Ordi-nerf with PID 9100 (C:\Users\Camille\Documents\android\TopQuizzApi\target\classes started by Camille in C:\Users\Camille\Documents\android\TopQuizzApi)
2017-01-04 16:39:27.268  INFO 9100 --- [main] com.quizz.database.AppBoot               : No active profile set, falling back to default profiles: default
2017-01-04 16:39:27.356  INFO 9100 --- [main] ationConfigEmbeddedWebApplicationContext : Refreshing org.springframework.boot.context.embedded.AnnotationConfigEmbeddedWebApplicationContext@19f43fa: startup date [Wed Jan 04 16:39:27 CET 2017]; root of context hierarchy
2017-01-04 16:39:30.801  INFO 9100 --- [main] trationDelegate$BeanPostProcessorChecker : Bean 'org.springframework.transaction.annotation.ProxyTransactionManagementConfiguration' of type [class org.springframework.transaction.annotation.ProxyTransactionManagementConfiguration$$EnhancerBySpringCGLIB$$cd3ed8a3] is not eligible for getting processed by all BeanPostProcessors (for example: not eligible for auto-proxying)
2017-01-04 16:39:31.832  INFO 9100 --- [main] s.b.c.e.t.TomcatEmbeddedServletContainer : Tomcat initialized with port(s): 8090 (http)
2017-01-04 16:39:31.866  INFO 9100 --- [main] o.apache.catalina.core.StandardService   : Starting service Tomcat
2017-01-04 16:39:31.867  INFO 9100 --- [main] org.apache.catalina.core.StandardEngine  : Starting Servlet Engine: Apache Tomcat/8.5.5
2017-01-04 16:39:32.034  INFO 9100 --- [localhost-startStop-1] o.a.c.c.C.[Tomcat].[localhost].[/]       : Initializing Spring embedded WebApplicationContext
2017-01-04 16:39:32.034  INFO 9100 --- [localhost-startStop-1] o.s.web.context.ContextLoader            : Root WebApplicationContext: initialization completed in 4680 ms
2017-01-04 16:39:32.226  INFO 9100 --- [localhost-startStop-1] o.s.b.w.servlet.ServletRegistrationBean  : Mapping servlet: 'dispatcherServlet' to [/]
2017-01-04 16:39:32.234  INFO 9100 --- [localhost-startStop-1] o.s.b.w.servlet.FilterRegistrationBean   : Mapping filter: 'characterEncodingFilter' to: [/*]
2017-01-04 16:39:32.234  INFO 9100 --- [localhost-startStop-1] o.s.b.w.servlet.FilterRegistrationBean   : Mapping filter: 'hiddenHttpMethodFilter' to: [/*]
2017-01-04 16:39:32.234  INFO 9100 --- [localhost-startStop-1] o.s.b.w.servlet.FilterRegistrationBean   : Mapping filter: 'httpPutFormContentFilter' to: [/*]
2017-01-04 16:39:32.234  INFO 9100 --- [localhost-startStop-1] o.s.b.w.servlet.FilterRegistrationBean   : Mapping filter: 'requestContextFilter' to: [/*]
2017-01-04 16:39:32.712  INFO 9100 --- [main] j.LocalContainerEntityManagerFactoryBean : Building JPA container EntityManagerFactory for persistence unit 'default'
2017-01-04 16:39:35.857  INFO 9100 --- [main] j.LocalContainerEntityManagerFactoryBean : Initialized JPA EntityManagerFactory for persistence unit 'default'
2017-01-04 16:39:37.724  INFO 9100 --- [main] s.w.s.m.m.a.RequestMappingHandlerAdapter : Looking for @ControllerAdvice: org.springframework.boot.context.embedded.AnnotationConfigEmbeddedWebApplicationContext@19f43fa: startup date [Wed Jan 04 16:39:27 CET 2017]; root of context hierarchy
2017-01-04 16:39:37.912  INFO 9100 --- [main] s.w.s.m.m.a.RequestMappingHandlerMapping : Mapped "{[/friends/delete],methods=[POST],produces=[application/json;charset=UTF-8]}" onto public org.springframework.http.ResponseEntity<com.quizz.database.modeles.ReturnObject> com.quizz.database.controllers.FriendsController.deleteFriend(java.lang.String,java.lang.String)
2017-01-04 16:39:37.913  INFO 9100 --- [main] s.w.s.m.m.a.RequestMappingHandlerMapping : Mapped "{[/friends/getAllFriendsByPseudo],methods=[POST],produces=[application/json;charset=UTF-8]}" onto public org.springframework.http.ResponseEntity<com.quizz.database.modeles.ReturnObject> com.quizz.database.controllers.FriendsController.getAllFriendsByPseudo(java.lang.String)
2017-01-04 16:39:37.914  INFO 9100 --- [main] s.w.s.m.m.a.RequestMappingHandlerMapping : Mapped "{[/friends/add],methods=[POST],produces=[application/json;charset=UTF-8]}" onto public org.springframework.http.ResponseEntity<com.quizz.database.modeles.ReturnObject> com.quizz.database.controllers.FriendsController.addFriendbyPseudo(java.lang.String,java.lang.String)
2017-01-04 16:39:37.914  INFO 9100 --- [main] s.w.s.m.m.a.RequestMappingHandlerMapping : Mapped "{[/friends/]}" onto public org.springframework.http.ResponseEntity<?> com.quizz.database.controllers.FriendsController.home()
2017-01-04 16:39:37.915  INFO 9100 --- [main] s.w.s.m.m.a.RequestMappingHandlerMapping : Mapped "{[/question/add],methods=[POST],produces=[application/json;charset=UTF-8]}" onto public org.springframework.http.ResponseEntity<com.quizz.database.modeles.ReturnObject> com.quizz.database.controllers.QuestionController.addQuestion(java.lang.String,java.lang.String,java.lang.String,java.lang.String)
2017-01-04 16:39:37.915  INFO 9100 --- [main] s.w.s.m.m.a.RequestMappingHandlerMapping : Mapped "{[/question/]}" onto public org.springframework.http.ResponseEntity<?> com.quizz.database.controllers.QuestionController.home()
2017-01-04 16:39:37.917  INFO 9100 --- [main] s.w.s.m.m.a.RequestMappingHandlerMapping : Mapped "{[/quizz/add],methods=[POST],produces=[application/json;charset=UTF-8]}" onto public org.springframework.http.ResponseEntity<com.quizz.database.modeles.ReturnObject> com.quizz.database.controllers.QuizzController.addQuizz(java.lang.String,java.lang.String,java.lang.String)
2017-01-04 16:39:37.917  INFO 9100 --- [main] s.w.s.m.m.a.RequestMappingHandlerMapping : Mapped "{[/quizz/getQuizzByName],methods=[POST],produces=[application/json;charset=UTF-8]}" onto public org.springframework.http.ResponseEntity<com.quizz.database.modeles.ReturnObject> com.quizz.database.controllers.QuizzController.getQuizzByName(java.lang.String)
2017-01-04 16:39:37.918  INFO 9100 --- [main] s.w.s.m.m.a.RequestMappingHandlerMapping : Mapped "{[/quizz/deleteQuizzById],methods=[POST],produces=[application/json;charset=UTF-8]}" onto public org.springframework.http.ResponseEntity<com.quizz.database.modeles.ReturnObject> com.quizz.database.controllers.QuizzController.deleteQuizzById(java.lang.Integer)
2017-01-04 16:39:37.919  INFO 9100 --- [main] s.w.s.m.m.a.RequestMappingHandlerMapping : Mapped "{[/quizz/getAllQuizzesByPseudo],methods=[POST],produces=[application/json;charset=UTF-8]}" onto public org.springframework.http.ResponseEntity<com.quizz.database.modeles.ReturnObject> com.quizz.database.controllers.QuizzController.getAllQuizzesByPseudo(java.lang.String)
2017-01-04 16:39:37.919  INFO 9100 --- [main] s.w.s.m.m.a.RequestMappingHandlerMapping : Mapped "{[/quizz/]}" onto public org.springframework.http.ResponseEntity<?> com.quizz.database.controllers.QuizzController.home()
2017-01-04 16:39:37.920  INFO 9100 --- [main] s.w.s.m.m.a.RequestMappingHandlerMapping : Mapped "{[/response/addTmpResponse],methods=[POST],produces=[application/json;charset=UTF-8]}" onto public org.springframework.http.ResponseEntity<com.quizz.database.modeles.ReturnObject> com.quizz.database.controllers.ResponseController.addTmpResponse(java.lang.String,java.lang.String,java.lang.String,java.lang.Boolean)
2017-01-04 16:39:37.920  INFO 9100 --- [main] s.w.s.m.m.a.RequestMappingHandlerMapping : Mapped "{[/response/]}" onto public org.springframework.http.ResponseEntity<?> com.quizz.database.controllers.ResponseController.home()
2017-01-04 16:39:37.924  INFO 9100 --- [main] s.w.s.m.m.a.RequestMappingHandlerMapping : Mapped "{[/statistic/getTenLastScoreForQuizz],methods=[POST],produces=[application/json;charset=UTF-8]}" onto public org.springframework.http.ResponseEntity<com.quizz.database.modeles.ReturnObject> com.quizz.database.controllers.StatisticController.addResponse(java.lang.String,java.lang.Integer)
2017-01-04 16:39:37.924  INFO 9100 --- [main] s.w.s.m.m.a.RequestMappingHandlerMapping : Mapped "{[/statistic/addScoreForQuizz],methods=[POST],produces=[application/json;charset=UTF-8]}" onto public org.springframework.http.ResponseEntity<com.quizz.database.modeles.ReturnObject> com.quizz.database.controllers.StatisticController.addTmpResponse(java.lang.String,java.lang.Integer,java.lang.String,java.lang.Integer,java.lang.Integer)
2017-01-04 16:39:37.925  INFO 9100 --- [main] s.w.s.m.m.a.RequestMappingHandlerMapping : Mapped "{[/statistic/]}" onto public org.springframework.http.ResponseEntity<?> com.quizz.database.controllers.StatisticController.home()
2017-01-04 16:39:37.926  INFO 9100 --- [main] s.w.s.m.m.a.RequestMappingHandlerMapping : Mapped "{[/theme/delete],methods=[POST],produces=[application/json;charset=UTF-8]}" onto public org.springframework.http.ResponseEntity<com.quizz.database.modeles.ReturnObject> com.quizz.database.controllers.ThemeController.deleteTheme(int)
2017-01-04 16:39:37.927  INFO 9100 --- [main] s.w.s.m.m.a.RequestMappingHandlerMapping : Mapped "{[/theme/getAllThemes],methods=[POST],produces=[application/json;charset=UTF-8]}" onto public org.springframework.http.ResponseEntity<com.quizz.database.modeles.ReturnObject> com.quizz.database.controllers.ThemeController.getAllThemes()
2017-01-04 16:39:37.927  INFO 9100 --- [main] s.w.s.m.m.a.RequestMappingHandlerMapping : Mapped "{[/theme/add],methods=[POST],produces=[application/json;charset=UTF-8]}" onto public org.springframework.http.ResponseEntity<com.quizz.database.modeles.ReturnObject> com.quizz.database.controllers.ThemeController.addTheme(java.lang.String)
2017-01-04 16:39:37.927  INFO 9100 --- [main] s.w.s.m.m.a.RequestMappingHandlerMapping : Mapped "{[/theme/getByName],methods=[POST],produces=[application/json;charset=UTF-8]}" onto public org.springframework.http.ResponseEntity<com.quizz.database.modeles.ReturnObject> com.quizz.database.controllers.ThemeController.getThemeByName(java.lang.String)
2017-01-04 16:39:37.928  INFO 9100 --- [main] s.w.s.m.m.a.RequestMappingHandlerMapping : Mapped "{[/theme/getAllByUser],methods=[POST],produces=[application/json;charset=UTF-8]}" onto public org.springframework.http.ResponseEntity<com.quizz.database.modeles.ReturnObject> com.quizz.database.controllers.ThemeController.getAllThemesByUser(java.lang.String)
2017-01-04 16:39:37.928  INFO 9100 --- [main] s.w.s.m.m.a.RequestMappingHandlerMapping : Mapped "{[/theme/getQuestionsByThemes],methods=[POST],produces=[application/json;charset=UTF-8]}" onto public org.springframework.http.ResponseEntity<com.quizz.database.modeles.ReturnObject> com.quizz.database.controllers.ThemeController.getQuestionsByName(java.lang.String,java.lang.String)
2017-01-04 16:39:37.928  INFO 9100 --- [main] s.w.s.m.m.a.RequestMappingHandlerMapping : Mapped "{[/theme/]}" onto public org.springframework.http.ResponseEntity<?> com.quizz.database.controllers.ThemeController.home()
2017-01-04 16:39:37.930  INFO 9100 --- [main] s.w.s.m.m.a.RequestMappingHandlerMapping : Mapped "{[/user/get],methods=[POST],produces=[application/json;charset=UTF-8]}" onto public org.springframework.http.ResponseEntity<com.quizz.database.modeles.ReturnObject> com.quizz.database.controllers.UserController.getUser(java.lang.String)
2017-01-04 16:39:37.931  INFO 9100 --- [main] s.w.s.m.m.a.RequestMappingHandlerMapping : Mapped "{[/user/getByMail],methods=[POST],produces=[application/json;charset=UTF-8]}" onto public org.springframework.http.ResponseEntity<com.quizz.database.modeles.ReturnObject> com.quizz.database.controllers.UserController.getUserByMail(java.lang.String)
2017-01-04 16:39:37.931  INFO 9100 --- [main] s.w.s.m.m.a.RequestMappingHandlerMapping : Mapped "{[/user/activeUser],methods=[GET],produces=[application/json;charset=UTF-8]}" onto public org.springframework.http.ResponseEntity<com.quizz.database.modeles.ReturnObject> com.quizz.database.controllers.UserController.activeUser(java.lang.String)
2017-01-04 16:39:37.931  INFO 9100 --- [main] s.w.s.m.m.a.RequestMappingHandlerMapping : Mapped "{[/user/add],methods=[POST],produces=[application/json;charset=UTF-8]}" onto public org.springframework.http.ResponseEntity<com.quizz.database.modeles.ReturnObject> com.quizz.database.controllers.UserController.addUser(java.lang.String,java.lang.String,java.lang.String)
2017-01-04 16:39:37.932  INFO 9100 --- [main] s.w.s.m.m.a.RequestMappingHandlerMapping : Mapped "{[/user/changePassword],methods=[POST],produces=[application/json;charset=UTF-8]}" onto public org.springframework.http.ResponseEntity<com.quizz.database.modeles.ReturnObject> com.quizz.database.controllers.UserController.changePassword(java.lang.String,java.lang.String)
2017-01-04 16:39:37.932  INFO 9100 --- [main] s.w.s.m.m.a.RequestMappingHandlerMapping : Mapped "{[/user/checkCredentials],methods=[POST],produces=[application/json;charset=UTF-8]}" onto public org.springframework.http.ResponseEntity<com.quizz.database.modeles.ReturnObject> com.quizz.database.controllers.UserController.checkCredentials(java.lang.String,java.lang.String)
2017-01-04 16:39:37.932  INFO 9100 --- [main] s.w.s.m.m.a.RequestMappingHandlerMapping : Mapped "{[/user/searchUserByPseudo],methods=[GET],produces=[application/json;charset=UTF-8]}" onto public org.springframework.http.ResponseEntity<com.quizz.database.modeles.ReturnObject> com.quizz.database.controllers.UserController.searchUserByPseudo(java.lang.String)
2017-01-04 16:39:37.932  INFO 9100 --- [main] s.w.s.m.m.a.RequestMappingHandlerMapping : Mapped "{[/user/]}" onto public org.springframework.http.ResponseEntity<?> com.quizz.database.controllers.UserController.home()
2017-01-04 16:39:37.934  INFO 9100 --- [main] s.w.s.m.m.a.RequestMappingHandlerMapping : Mapped "{[/error],produces=[text/html]}" onto public org.springframework.web.servlet.ModelAndView org.springframework.boot.autoconfigure.web.BasicErrorController.errorHtml(javax.servlet.http.HttpServletRequest,javax.servlet.http.HttpServletResponse)
2017-01-04 16:39:37.935  INFO 9100 --- [main] s.w.s.m.m.a.RequestMappingHandlerMapping : Mapped "{[/error]}" onto public org.springframework.http.ResponseEntity<java.util.Map<java.lang.String, java.lang.Object>> org.springframework.boot.autoconfigure.web.BasicErrorController.error(javax.servlet.http.HttpServletRequest)
2017-01-04 16:39:37.974  INFO 9100 --- [main] o.s.w.s.handler.SimpleUrlHandlerMapping  : Mapped URL path [/webjars/**] onto handler of type [class org.springframework.web.servlet.resource.ResourceHttpRequestHandler]
2017-01-04 16:39:37.975  INFO 9100 --- [main] o.s.w.s.handler.SimpleUrlHandlerMapping  : Mapped URL path [/**] onto handler of type [class org.springframework.web.servlet.resource.ResourceHttpRequestHandler]
2017-01-04 16:39:38.032  INFO 9100 --- [main] o.s.w.s.handler.SimpleUrlHandlerMapping  : Mapped URL path [/**/favicon.ico] onto handler of type [class org.springframework.web.servlet.resource.ResourceHttpRequestHandler]
2017-01-04 16:39:38.375  INFO 9100 --- [main] o.s.j.e.a.AnnotationMBeanExporter        : Registering beans for JMX exposure on startup
2017-01-04 16:39:38.578  INFO 9100 --- [main] s.b.c.e.t.TomcatEmbeddedServletContainer : Tomcat started on port(s): 8090 (http)
2017-01-04 16:39:38.594  INFO 9100 --- [main] com.quizz.database.AppBoot               : Started AppBoot in 12.826 seconds (JVM running for 13.655)
2017-01-04 16:43:54.435  INFO 9100 --- [http-nio-8090-exec-1] o.a.c.c.C.[Tomcat].[localhost].[/]       : Initializing Spring FrameworkServlet 'dispatcherServlet'
2017-01-04 16:43:54.435  INFO 9100 --- [http-nio-8090-exec-1] o.s.web.servlet.DispatcherServlet        : FrameworkServlet 'dispatcherServlet': initialization started
2017-01-04 16:43:54.462  INFO 9100 --- [http-nio-8090-exec-1] o.s.web.servlet.DispatcherServlet        : FrameworkServlet 'dispatcherServlet': initialization completed in 27 ms
2017-01-04 16:43:54.516  INFO 9100 --- [http-nio-8090-exec-1] c.q.d.services.impl.AppServiceImpl       :  add a friend. [friendPseudo: Romain pseudoJustine] 
2017-01-04 16:43:54.643  INFO 9100 --- [http-nio-8090-exec-1] c.q.d.services.impl.UserServiceImpl      : Add friend 
2017-01-04 16:43:54.943  INFO 9100 --- [http-nio-8090-exec-1] c.q.d.services.impl.UserServiceImpl      : Friend successfully added
2017-01-04 16:44:24.869  INFO 9100 --- [http-nio-8090-exec-2] c.q.d.services.impl.AppServiceImpl       :  add a friend. [friendPseudo: Romain pseudoJustine] 
2017-01-04 16:44:24.876  INFO 9100 --- [http-nio-8090-exec-2] c.q.d.services.impl.UserServiceImpl      : Add friend 
2017-01-04 16:44:24.878 ERROR 9100 --- [http-nio-8090-exec-2] c.q.d.services.impl.UserServiceImpl      : This person is already your friend.  ERROR_300
2017-01-04 16:44:52.916  INFO 9100 --- [http-nio-8090-exec-3] c.q.d.services.impl.AppServiceImpl       :  add a friend. [friendPseudo: Donatien pseudoLouis] 
2017-01-04 16:44:52.925  INFO 9100 --- [http-nio-8090-exec-3] c.q.d.services.impl.UserServiceImpl      : Add friend 
2017-01-04 16:44:52.947  INFO 9100 --- [http-nio-8090-exec-3] c.q.d.services.impl.UserServiceImpl      : Friend successfully added
2017-01-04 16:45:13.202  INFO 9100 --- [http-nio-8090-exec-4] c.q.d.services.impl.AppServiceImpl       :  add a friend. [friendPseudo: Maxence pseudoCamille] 
2017-01-04 16:45:13.214  INFO 9100 --- [http-nio-8090-exec-4] c.q.d.services.impl.UserServiceImpl      : Add friend 
2017-01-04 16:45:13.229  INFO 9100 --- [http-nio-8090-exec-4] c.q.d.services.impl.UserServiceImpl      : Friend successfully added
2017-01-04 16:45:18.715  INFO 9100 --- [http-nio-8090-exec-5] c.q.d.services.impl.AppServiceImpl       :  add a friend. [friendPseudo: Maxence pseudoLouis] 
2017-01-04 16:45:18.726  INFO 9100 --- [http-nio-8090-exec-5] c.q.d.services.impl.UserServiceImpl      : Add friend 
2017-01-04 16:45:18.744  INFO 9100 --- [http-nio-8090-exec-5] c.q.d.services.impl.UserServiceImpl      : Friend successfully added
2017-01-04 16:45:44.038  INFO 9100 --- [http-nio-8090-exec-6] c.q.d.services.impl.AppServiceImpl       :  delete a friend. [friendPseudo: Maxence pseudoLouis] 
2017-01-04 16:45:44.046  INFO 9100 --- [http-nio-8090-exec-6] c.q.d.services.impl.UserServiceImpl      : Delete Friend 
2017-01-04 16:46:10.257  INFO 9100 --- [http-nio-8090-exec-7] c.q.d.services.impl.AppServiceImpl       : Get all friens by pseudo. [pseudoLouis] 
2017-01-04 16:46:10.266  INFO 9100 --- [http-nio-8090-exec-7] c.q.d.services.impl.UserServiceImpl      : Get all friends by pseudo
2017-01-04 16:46:10.276 ERROR 9100 --- [http-nio-8090-exec-7] c.q.d.controllers.FriendsController      : Impossible to get all friends [pseudo: Louis]

java.lang.ClassCastException: com.quizz.database.beans.UserBean cannot be cast to com.quizz.database.modeles.User
	at com.quizz.database.services.impl.AppServiceImpl.getAllFriendsByPseudo(AppServiceImpl.java:298) ~[classes/:na]
	at com.quizz.database.controllers.FriendsController.getAllFriendsByPseudo(FriendsController.java:38) ~[classes/:na]
	at sun.reflect.NativeMethodAccessorImpl.invoke0(Native Method) ~[na:1.7.0_79]
	at sun.reflect.NativeMethodAccessorImpl.invoke(NativeMethodAccessorImpl.java:57) ~[na:1.7.0_79]
	at sun.reflect.DelegatingMethodAccessorImpl.invoke(DelegatingMethodAccessorImpl.java:43) ~[na:1.7.0_79]
	at java.lang.reflect.Method.invoke(Method.java:606) ~[na:1.7.0_79]
	at org.springframework.web.method.support.InvocableHandlerMethod.doInvoke(InvocableHandlerMethod.java:221) [spring-web-4.3.3.RELEASE.jar:4.3.3.RELEASE]
	at org.springframework.web.method.support.InvocableHandlerMethod.invokeForRequest(InvocableHandlerMethod.java:136) [spring-web-4.3.3.RELEASE.jar:4.3.3.RELEASE]
	at org.springframework.web.servlet.mvc.method.annotation.ServletInvocableHandlerMethod.invokeAndHandle(ServletInvocableHandlerMethod.java:114) [spring-webmvc-4.3.3.RELEASE.jar:4.3.3.RELEASE]
	at org.springframework.web.servlet.mvc.method.annotation.RequestMappingHandlerAdapter.invokeHandlerMethod(RequestMappingHandlerAdapter.java:827) [spring-webmvc-4.3.3.RELEASE.jar:4.3.3.RELEASE]
	at org.springframework.web.servlet.mvc.method.annotation.RequestMappingHandlerAdapter.handleInternal(RequestMappingHandlerAdapter.java:738) [spring-webmvc-4.3.3.RELEASE.jar:4.3.3.RELEASE]
	at org.springframework.web.servlet.mvc.method.AbstractHandlerMethodAdapter.handle(AbstractHandlerMethodAdapter.java:85) [spring-webmvc-4.3.3.RELEASE.jar:4.3.3.RELEASE]
	at org.springframework.web.servlet.DispatcherServlet.doDispatch(DispatcherServlet.java:963) [spring-webmvc-4.3.3.RELEASE.jar:4.3.3.RELEASE]
	at org.springframework.web.servlet.DispatcherServlet.doService(DispatcherServlet.java:897) [spring-webmvc-4.3.3.RELEASE.jar:4.3.3.RELEASE]
	at org.springframework.web.servlet.FrameworkServlet.processRequest(FrameworkServlet.java:970) [spring-webmvc-4.3.3.RELEASE.jar:4.3.3.RELEASE]
	at org.springframework.web.servlet.FrameworkServlet.doPost(FrameworkServlet.java:872) [spring-webmvc-4.3.3.RELEASE.jar:4.3.3.RELEASE]
	at javax.servlet.http.HttpServlet.service(HttpServlet.java:648) [tomcat-embed-core-8.5.5.jar:8.5.5]
	at org.springframework.web.servlet.FrameworkServlet.service(FrameworkServlet.java:846) [spring-webmvc-4.3.3.RELEASE.jar:4.3.3.RELEASE]
	at javax.servlet.http.HttpServlet.service(HttpServlet.java:729) [tomcat-embed-core-8.5.5.jar:8.5.5]
	at org.apache.catalina.core.ApplicationFilterChain.internalDoFilter(ApplicationFilterChain.java:230) [tomcat-embed-core-8.5.5.jar:8.5.5]
	at org.apache.catalina.core.ApplicationFilterChain.doFilter(ApplicationFilterChain.java:165) [tomcat-embed-core-8.5.5.jar:8.5.5]
	at org.apache.tomcat.websocket.server.WsFilter.doFilter(WsFilter.java:52) [tomcat-embed-websocket-8.5.5.jar:8.5.5]
	at org.apache.catalina.core.ApplicationFilterChain.internalDoFilter(ApplicationFilterChain.java:192) [tomcat-embed-core-8.5.5.jar:8.5.5]
	at org.apache.catalina.core.ApplicationFilterChain.doFilter(ApplicationFilterChain.java:165) [tomcat-embed-core-8.5.5.jar:8.5.5]
	at org.springframework.web.filter.RequestContextFilter.doFilterInternal(RequestContextFilter.java:99) [spring-web-4.3.3.RELEASE.jar:4.3.3.RELEASE]
	at org.springframework.web.filter.OncePerRequestFilter.doFilter(OncePerRequestFilter.java:107) [spring-web-4.3.3.RELEASE.jar:4.3.3.RELEASE]
	at org.apache.catalina.core.ApplicationFilterChain.internalDoFilter(ApplicationFilterChain.java:192) [tomcat-embed-core-8.5.5.jar:8.5.5]
	at org.apache.catalina.core.ApplicationFilterChain.doFilter(ApplicationFilterChain.java:165) [tomcat-embed-core-8.5.5.jar:8.5.5]
	at org.springframework.web.filter.HttpPutFormContentFilter.doFilterInternal(HttpPutFormContentFilter.java:89) [spring-web-4.3.3.RELEASE.jar:4.3.3.RELEASE]
	at org.springframework.web.filter.OncePerRequestFilter.doFilter(OncePerRequestFilter.java:107) [spring-web-4.3.3.RELEASE.jar:4.3.3.RELEASE]
	at org.apache.catalina.core.ApplicationFilterChain.internalDoFilter(ApplicationFilterChain.java:192) [tomcat-embed-core-8.5.5.jar:8.5.5]
	at org.apache.catalina.core.ApplicationFilterChain.doFilter(ApplicationFilterChain.java:165) [tomcat-embed-core-8.5.5.jar:8.5.5]
	at org.springframework.web.filter.HiddenHttpMethodFilter.doFilterInternal(HiddenHttpMethodFilter.java:77) [spring-web-4.3.3.RELEASE.jar:4.3.3.RELEASE]
	at org.springframework.web.filter.OncePerRequestFilter.doFilter(OncePerRequestFilter.java:107) [spring-web-4.3.3.RELEASE.jar:4.3.3.RELEASE]
	at org.apache.catalina.core.ApplicationFilterChain.internalDoFilter(ApplicationFilterChain.java:192) [tomcat-embed-core-8.5.5.jar:8.5.5]
	at org.apache.catalina.core.ApplicationFilterChain.doFilter(ApplicationFilterChain.java:165) [tomcat-embed-core-8.5.5.jar:8.5.5]
	at org.springframework.web.filter.CharacterEncodingFilter.doFilterInternal(CharacterEncodingFilter.java:197) [spring-web-4.3.3.RELEASE.jar:4.3.3.RELEASE]
	at org.springframework.web.filter.OncePerRequestFilter.doFilter(OncePerRequestFilter.java:107) [spring-web-4.3.3.RELEASE.jar:4.3.3.RELEASE]
	at org.apache.catalina.core.ApplicationFilterChain.internalDoFilter(ApplicationFilterChain.java:192) [tomcat-embed-core-8.5.5.jar:8.5.5]
	at org.apache.catalina.core.ApplicationFilterChain.doFilter(ApplicationFilterChain.java:165) [tomcat-embed-core-8.5.5.jar:8.5.5]
	at org.apache.catalina.core.StandardWrapperValve.invoke(StandardWrapperValve.java:198) [tomcat-embed-core-8.5.5.jar:8.5.5]
	at org.apache.catalina.core.StandardContextValve.invoke(StandardContextValve.java:108) [tomcat-embed-core-8.5.5.jar:8.5.5]
	at org.apache.catalina.authenticator.AuthenticatorBase.invoke(AuthenticatorBase.java:472) [tomcat-embed-core-8.5.5.jar:8.5.5]
	at org.apache.catalina.core.StandardHostValve.invoke(StandardHostValve.java:140) [tomcat-embed-core-8.5.5.jar:8.5.5]
	at org.apache.catalina.valves.ErrorReportValve.invoke(ErrorReportValve.java:79) [tomcat-embed-core-8.5.5.jar:8.5.5]
	at org.apache.catalina.core.StandardEngineValve.invoke(StandardEngineValve.java:87) [tomcat-embed-core-8.5.5.jar:8.5.5]
	at org.apache.catalina.connector.CoyoteAdapter.service(CoyoteAdapter.java:349) [tomcat-embed-core-8.5.5.jar:8.5.5]
	at org.apache.coyote.http11.Http11Processor.service(Http11Processor.java:784) [tomcat-embed-core-8.5.5.jar:8.5.5]
	at org.apache.coyote.AbstractProcessorLight.process(AbstractProcessorLight.java:66) [tomcat-embed-core-8.5.5.jar:8.5.5]
	at org.apache.coyote.AbstractProtocol$ConnectionHandler.process(AbstractProtocol.java:802) [tomcat-embed-core-8.5.5.jar:8.5.5]
	at org.apache.tomcat.util.net.NioEndpoint$SocketProcessor.doRun(NioEndpoint.java:1410) [tomcat-embed-core-8.5.5.jar:8.5.5]
	at org.apache.tomcat.util.net.SocketProcessorBase.run(SocketProcessorBase.java:49) [tomcat-embed-core-8.5.5.jar:8.5.5]
	at java.util.concurrent.ThreadPoolExecutor.runWorker(ThreadPoolExecutor.java:1145) [na:1.7.0_79]
	at java.util.concurrent.ThreadPoolExecutor$Worker.run(ThreadPoolExecutor.java:615) [na:1.7.0_79]
	at org.apache.tomcat.util.threads.TaskThread$WrappingRunnable.run(TaskThread.java:61) [tomcat-embed-core-8.5.5.jar:8.5.5]
	at java.lang.Thread.run(Thread.java:745) [na:1.7.0_79]

2017-01-04 16:54:12.275  INFO 7408 --- [main] com.quizz.database.AppBoot               : Starting AppBoot on Ordi-nerf with PID 7408 (C:\Users\Camille\Documents\android\TopQuizzApi\target\classes started by Camille in C:\Users\Camille\Documents\android\TopQuizzApi)
2017-01-04 16:54:12.279  INFO 7408 --- [main] com.quizz.database.AppBoot               : No active profile set, falling back to default profiles: default
2017-01-04 16:54:12.339  INFO 7408 --- [main] ationConfigEmbeddedWebApplicationContext : Refreshing org.springframework.boot.context.embedded.AnnotationConfigEmbeddedWebApplicationContext@1ffcd45: startup date [Wed Jan 04 16:54:12 CET 2017]; root of context hierarchy
2017-01-04 16:54:13.860  INFO 7408 --- [main] trationDelegate$BeanPostProcessorChecker : Bean 'org.springframework.transaction.annotation.ProxyTransactionManagementConfiguration' of type [class org.springframework.transaction.annotation.ProxyTransactionManagementConfiguration$$EnhancerBySpringCGLIB$$23677135] is not eligible for getting processed by all BeanPostProcessors (for example: not eligible for auto-proxying)
2017-01-04 16:54:14.516  INFO 7408 --- [main] s.b.c.e.t.TomcatEmbeddedServletContainer : Tomcat initialized with port(s): 8090 (http)
2017-01-04 16:54:14.528  INFO 7408 --- [main] o.apache.catalina.core.StandardService   : Starting service Tomcat
2017-01-04 16:54:14.529  INFO 7408 --- [main] org.apache.catalina.core.StandardEngine  : Starting Servlet Engine: Apache Tomcat/8.5.5
2017-01-04 16:54:14.673  INFO 7408 --- [localhost-startStop-1] o.a.c.c.C.[Tomcat].[localhost].[/]       : Initializing Spring embedded WebApplicationContext
2017-01-04 16:54:14.674  INFO 7408 --- [localhost-startStop-1] o.s.web.context.ContextLoader            : Root WebApplicationContext: initialization completed in 2336 ms
2017-01-04 16:54:14.856  INFO 7408 --- [localhost-startStop-1] o.s.b.w.servlet.ServletRegistrationBean  : Mapping servlet: 'dispatcherServlet' to [/]
2017-01-04 16:54:14.860  INFO 7408 --- [localhost-startStop-1] o.s.b.w.servlet.FilterRegistrationBean   : Mapping filter: 'characterEncodingFilter' to: [/*]
2017-01-04 16:54:14.860  INFO 7408 --- [localhost-startStop-1] o.s.b.w.servlet.FilterRegistrationBean   : Mapping filter: 'hiddenHttpMethodFilter' to: [/*]
2017-01-04 16:54:14.861  INFO 7408 --- [localhost-startStop-1] o.s.b.w.servlet.FilterRegistrationBean   : Mapping filter: 'httpPutFormContentFilter' to: [/*]
2017-01-04 16:54:14.861  INFO 7408 --- [localhost-startStop-1] o.s.b.w.servlet.FilterRegistrationBean   : Mapping filter: 'requestContextFilter' to: [/*]
2017-01-04 16:54:15.158  INFO 7408 --- [main] j.LocalContainerEntityManagerFactoryBean : Building JPA container EntityManagerFactory for persistence unit 'default'
2017-01-04 16:54:17.158  INFO 7408 --- [main] j.LocalContainerEntityManagerFactoryBean : Initialized JPA EntityManagerFactory for persistence unit 'default'
2017-01-04 16:54:17.951  INFO 7408 --- [main] s.w.s.m.m.a.RequestMappingHandlerAdapter : Looking for @ControllerAdvice: org.springframework.boot.context.embedded.AnnotationConfigEmbeddedWebApplicationContext@1ffcd45: startup date [Wed Jan 04 16:54:12 CET 2017]; root of context hierarchy
2017-01-04 16:54:18.031  INFO 7408 --- [main] s.w.s.m.m.a.RequestMappingHandlerMapping : Mapped "{[/friends/delete],methods=[POST],produces=[application/json;charset=UTF-8]}" onto public org.springframework.http.ResponseEntity<com.quizz.database.modeles.ReturnObject> com.quizz.database.controllers.FriendsController.deleteFriend(java.lang.String,java.lang.String)
2017-01-04 16:54:18.032  INFO 7408 --- [main] s.w.s.m.m.a.RequestMappingHandlerMapping : Mapped "{[/friends/getAllFriendsByPseudo],methods=[POST],produces=[application/json;charset=UTF-8]}" onto public org.springframework.http.ResponseEntity<com.quizz.database.modeles.ReturnObject> com.quizz.database.controllers.FriendsController.getAllFriendsByPseudo(java.lang.String)
2017-01-04 16:54:18.033  INFO 7408 --- [main] s.w.s.m.m.a.RequestMappingHandlerMapping : Mapped "{[/friends/add],methods=[POST],produces=[application/json;charset=UTF-8]}" onto public org.springframework.http.ResponseEntity<com.quizz.database.modeles.ReturnObject> com.quizz.database.controllers.FriendsController.addFriendbyPseudo(java.lang.String,java.lang.String)
2017-01-04 16:54:18.033  INFO 7408 --- [main] s.w.s.m.m.a.RequestMappingHandlerMapping : Mapped "{[/friends/]}" onto public org.springframework.http.ResponseEntity<?> com.quizz.database.controllers.FriendsController.home()
2017-01-04 16:54:18.034  INFO 7408 --- [main] s.w.s.m.m.a.RequestMappingHandlerMapping : Mapped "{[/question/add],methods=[POST],produces=[application/json;charset=UTF-8]}" onto public org.springframework.http.ResponseEntity<com.quizz.database.modeles.ReturnObject> com.quizz.database.controllers.QuestionController.addQuestion(java.lang.String,java.lang.String,java.lang.String,java.lang.String)
2017-01-04 16:54:18.034  INFO 7408 --- [main] s.w.s.m.m.a.RequestMappingHandlerMapping : Mapped "{[/question/]}" onto public org.springframework.http.ResponseEntity<?> com.quizz.database.controllers.QuestionController.home()
2017-01-04 16:54:18.036  INFO 7408 --- [main] s.w.s.m.m.a.RequestMappingHandlerMapping : Mapped "{[/quizz/add],methods=[POST],produces=[application/json;charset=UTF-8]}" onto public org.springframework.http.ResponseEntity<com.quizz.database.modeles.ReturnObject> com.quizz.database.controllers.QuizzController.addQuizz(java.lang.String,java.lang.String,java.lang.String)
2017-01-04 16:54:18.036  INFO 7408 --- [main] s.w.s.m.m.a.RequestMappingHandlerMapping : Mapped "{[/quizz/getQuizzByName],methods=[POST],produces=[application/json;charset=UTF-8]}" onto public org.springframework.http.ResponseEntity<com.quizz.database.modeles.ReturnObject> com.quizz.database.controllers.QuizzController.getQuizzByName(java.lang.String)
2017-01-04 16:54:18.037  INFO 7408 --- [main] s.w.s.m.m.a.RequestMappingHandlerMapping : Mapped "{[/quizz/deleteQuizzById],methods=[POST],produces=[application/json;charset=UTF-8]}" onto public org.springframework.http.ResponseEntity<com.quizz.database.modeles.ReturnObject> com.quizz.database.controllers.QuizzController.deleteQuizzById(java.lang.Integer)
2017-01-04 16:54:18.037  INFO 7408 --- [main] s.w.s.m.m.a.RequestMappingHandlerMapping : Mapped "{[/quizz/getAllQuizzesByPseudo],methods=[POST],produces=[application/json;charset=UTF-8]}" onto public org.springframework.http.ResponseEntity<com.quizz.database.modeles.ReturnObject> com.quizz.database.controllers.QuizzController.getAllQuizzesByPseudo(java.lang.String)
2017-01-04 16:54:18.037  INFO 7408 --- [main] s.w.s.m.m.a.RequestMappingHandlerMapping : Mapped "{[/quizz/]}" onto public org.springframework.http.ResponseEntity<?> com.quizz.database.controllers.QuizzController.home()
2017-01-04 16:54:18.038  INFO 7408 --- [main] s.w.s.m.m.a.RequestMappingHandlerMapping : Mapped "{[/response/addTmpResponse],methods=[POST],produces=[application/json;charset=UTF-8]}" onto public org.springframework.http.ResponseEntity<com.quizz.database.modeles.ReturnObject> com.quizz.database.controllers.ResponseController.addTmpResponse(java.lang.String,java.lang.String,java.lang.String,java.lang.Boolean)
2017-01-04 16:54:18.038  INFO 7408 --- [main] s.w.s.m.m.a.RequestMappingHandlerMapping : Mapped "{[/response/]}" onto public org.springframework.http.ResponseEntity<?> com.quizz.database.controllers.ResponseController.home()
2017-01-04 16:54:18.041  INFO 7408 --- [main] s.w.s.m.m.a.RequestMappingHandlerMapping : Mapped "{[/statistic/getTenLastScoreForQuizz],methods=[POST],produces=[application/json;charset=UTF-8]}" onto public org.springframework.http.ResponseEntity<com.quizz.database.modeles.ReturnObject> com.quizz.database.controllers.StatisticController.addResponse(java.lang.String,java.lang.Integer)
2017-01-04 16:54:18.042  INFO 7408 --- [main] s.w.s.m.m.a.RequestMappingHandlerMapping : Mapped "{[/statistic/addScoreForQuizz],methods=[POST],produces=[application/json;charset=UTF-8]}" onto public org.springframework.http.ResponseEntity<com.quizz.database.modeles.ReturnObject> com.quizz.database.controllers.StatisticController.addTmpResponse(java.lang.String,java.lang.Integer,java.lang.String,java.lang.Integer,java.lang.Integer)
2017-01-04 16:54:18.042  INFO 7408 --- [main] s.w.s.m.m.a.RequestMappingHandlerMapping : Mapped "{[/statistic/]}" onto public org.springframework.http.ResponseEntity<?> com.quizz.database.controllers.StatisticController.home()
2017-01-04 16:54:18.044  INFO 7408 --- [main] s.w.s.m.m.a.RequestMappingHandlerMapping : Mapped "{[/theme/getAllThemes],methods=[POST],produces=[application/json;charset=UTF-8]}" onto public org.springframework.http.ResponseEntity<com.quizz.database.modeles.ReturnObject> com.quizz.database.controllers.ThemeController.getAllThemes()
2017-01-04 16:54:18.044  INFO 7408 --- [main] s.w.s.m.m.a.RequestMappingHandlerMapping : Mapped "{[/theme/add],methods=[POST],produces=[application/json;charset=UTF-8]}" onto public org.springframework.http.ResponseEntity<com.quizz.database.modeles.ReturnObject> com.quizz.database.controllers.ThemeController.addTheme(java.lang.String)
2017-01-04 16:54:18.045  INFO 7408 --- [main] s.w.s.m.m.a.RequestMappingHandlerMapping : Mapped "{[/theme/delete],methods=[POST],produces=[application/json;charset=UTF-8]}" onto public org.springframework.http.ResponseEntity<com.quizz.database.modeles.ReturnObject> com.quizz.database.controllers.ThemeController.deleteTheme(int)
2017-01-04 16:54:18.045  INFO 7408 --- [main] s.w.s.m.m.a.RequestMappingHandlerMapping : Mapped "{[/theme/getByName],methods=[POST],produces=[application/json;charset=UTF-8]}" onto public org.springframework.http.ResponseEntity<com.quizz.database.modeles.ReturnObject> com.quizz.database.controllers.ThemeController.getThemeByName(java.lang.String)
2017-01-04 16:54:18.045  INFO 7408 --- [main] s.w.s.m.m.a.RequestMappingHandlerMapping : Mapped "{[/theme/getQuestionsByThemes],methods=[POST],produces=[application/json;charset=UTF-8]}" onto public org.springframework.http.ResponseEntity<com.quizz.database.modeles.ReturnObject> com.quizz.database.controllers.ThemeController.getQuestionsByName(java.lang.String,java.lang.String)
2017-01-04 16:54:18.045  INFO 7408 --- [main] s.w.s.m.m.a.RequestMappingHandlerMapping : Mapped "{[/theme/getAllByUser],methods=[POST],produces=[application/json;charset=UTF-8]}" onto public org.springframework.http.ResponseEntity<com.quizz.database.modeles.ReturnObject> com.quizz.database.controllers.ThemeController.getAllThemesByUser(java.lang.String)
2017-01-04 16:54:18.046  INFO 7408 --- [main] s.w.s.m.m.a.RequestMappingHandlerMapping : Mapped "{[/theme/]}" onto public org.springframework.http.ResponseEntity<?> com.quizz.database.controllers.ThemeController.home()
2017-01-04 16:54:18.048  INFO 7408 --- [main] s.w.s.m.m.a.RequestMappingHandlerMapping : Mapped "{[/user/get],methods=[POST],produces=[application/json;charset=UTF-8]}" onto public org.springframework.http.ResponseEntity<com.quizz.database.modeles.ReturnObject> com.quizz.database.controllers.UserController.getUser(java.lang.String)
2017-01-04 16:54:18.048  INFO 7408 --- [main] s.w.s.m.m.a.RequestMappingHandlerMapping : Mapped "{[/user/getByMail],methods=[POST],produces=[application/json;charset=UTF-8]}" onto public org.springframework.http.ResponseEntity<com.quizz.database.modeles.ReturnObject> com.quizz.database.controllers.UserController.getUserByMail(java.lang.String)
2017-01-04 16:54:18.055  INFO 7408 --- [main] s.w.s.m.m.a.RequestMappingHandlerMapping : Mapped "{[/user/activeUser],methods=[GET],produces=[application/json;charset=UTF-8]}" onto public org.springframework.http.ResponseEntity<com.quizz.database.modeles.ReturnObject> com.quizz.database.controllers.UserController.activeUser(java.lang.String)
2017-01-04 16:54:18.055  INFO 7408 --- [main] s.w.s.m.m.a.RequestMappingHandlerMapping : Mapped "{[/user/add],methods=[POST],produces=[application/json;charset=UTF-8]}" onto public org.springframework.http.ResponseEntity<com.quizz.database.modeles.ReturnObject> com.quizz.database.controllers.UserController.addUser(java.lang.String,java.lang.String,java.lang.String)
2017-01-04 16:54:18.056  INFO 7408 --- [main] s.w.s.m.m.a.RequestMappingHandlerMapping : Mapped "{[/user/checkCredentials],methods=[POST],produces=[application/json;charset=UTF-8]}" onto public org.springframework.http.ResponseEntity<com.quizz.database.modeles.ReturnObject> com.quizz.database.controllers.UserController.checkCredentials(java.lang.String,java.lang.String)
2017-01-04 16:54:18.056  INFO 7408 --- [main] s.w.s.m.m.a.RequestMappingHandlerMapping : Mapped "{[/user/searchUserByPseudo],methods=[GET],produces=[application/json;charset=UTF-8]}" onto public org.springframework.http.ResponseEntity<com.quizz.database.modeles.ReturnObject> com.quizz.database.controllers.UserController.searchUserByPseudo(java.lang.String)
2017-01-04 16:54:18.056  INFO 7408 --- [main] s.w.s.m.m.a.RequestMappingHandlerMapping : Mapped "{[/user/changePassword],methods=[POST],produces=[application/json;charset=UTF-8]}" onto public org.springframework.http.ResponseEntity<com.quizz.database.modeles.ReturnObject> com.quizz.database.controllers.UserController.changePassword(java.lang.String,java.lang.String)
2017-01-04 16:54:18.056  INFO 7408 --- [main] s.w.s.m.m.a.RequestMappingHandlerMapping : Mapped "{[/user/]}" onto public org.springframework.http.ResponseEntity<?> com.quizz.database.controllers.UserController.home()
2017-01-04 16:54:18.059  INFO 7408 --- [main] s.w.s.m.m.a.RequestMappingHandlerMapping : Mapped "{[/error],produces=[text/html]}" onto public org.springframework.web.servlet.ModelAndView org.springframework.boot.autoconfigure.web.BasicErrorController.errorHtml(javax.servlet.http.HttpServletRequest,javax.servlet.http.HttpServletResponse)
2017-01-04 16:54:18.059  INFO 7408 --- [main] s.w.s.m.m.a.RequestMappingHandlerMapping : Mapped "{[/error]}" onto public org.springframework.http.ResponseEntity<java.util.Map<java.lang.String, java.lang.Object>> org.springframework.boot.autoconfigure.web.BasicErrorController.error(javax.servlet.http.HttpServletRequest)
2017-01-04 16:54:18.095  INFO 7408 --- [main] o.s.w.s.handler.SimpleUrlHandlerMapping  : Mapped URL path [/webjars/**] onto handler of type [class org.springframework.web.servlet.resource.ResourceHttpRequestHandler]
2017-01-04 16:54:18.095  INFO 7408 --- [main] o.s.w.s.handler.SimpleUrlHandlerMapping  : Mapped URL path [/**] onto handler of type [class org.springframework.web.servlet.resource.ResourceHttpRequestHandler]
2017-01-04 16:54:18.139  INFO 7408 --- [main] o.s.w.s.handler.SimpleUrlHandlerMapping  : Mapped URL path [/**/favicon.ico] onto handler of type [class org.springframework.web.servlet.resource.ResourceHttpRequestHandler]
2017-01-04 16:54:18.415  INFO 7408 --- [main] o.s.j.e.a.AnnotationMBeanExporter        : Registering beans for JMX exposure on startup
2017-01-04 16:54:18.464  INFO 7408 --- [main] s.b.c.e.t.TomcatEmbeddedServletContainer : Tomcat started on port(s): 8090 (http)
2017-01-04 16:54:18.468  INFO 7408 --- [main] com.quizz.database.AppBoot               : Started AppBoot in 6.772 seconds (JVM running for 7.105)
2017-01-04 16:54:22.568  INFO 7408 --- [http-nio-8090-exec-1] o.a.c.c.C.[Tomcat].[localhost].[/]       : Initializing Spring FrameworkServlet 'dispatcherServlet'
2017-01-04 16:54:22.569  INFO 7408 --- [http-nio-8090-exec-1] o.s.web.servlet.DispatcherServlet        : FrameworkServlet 'dispatcherServlet': initialization started
2017-01-04 16:54:22.594  INFO 7408 --- [http-nio-8090-exec-1] o.s.web.servlet.DispatcherServlet        : FrameworkServlet 'dispatcherServlet': initialization completed in 25 ms
2017-01-04 16:54:22.647  INFO 7408 --- [http-nio-8090-exec-1] c.q.d.services.impl.AppServiceImpl       : Get all friens by pseudo. [pseudoLouis] 
2017-01-04 16:54:22.705  INFO 7408 --- [http-nio-8090-exec-1] c.q.d.services.impl.UserServiceImpl      : Get all friends by pseudo
2017-01-04 16:54:22.719  INFO 7408 --- [http-nio-8090-exec-1] c.q.d.services.impl.UserServiceImpl      : Get User [pseudo: Louis]
2017-01-04 16:54:22.732  INFO 7408 --- [http-nio-8090-exec-1] c.q.d.services.impl.QuizzServiceImpl     : Get all quizzes by pseudo
2017-01-04 16:54:33.869  INFO 7408 --- [http-nio-8090-exec-2] c.q.d.services.impl.AppServiceImpl       : Get all friens by pseudo. [pseudoRomain] 
2017-01-04 16:54:33.875  INFO 7408 --- [http-nio-8090-exec-2] c.q.d.services.impl.UserServiceImpl      : Get all friends by pseudo
2017-01-04 16:54:33.886  INFO 7408 --- [http-nio-8090-exec-2] c.q.d.services.impl.UserServiceImpl      : Get User [pseudo: Romain]
2017-01-04 16:54:33.886  INFO 7408 --- [http-nio-8090-exec-2] c.q.d.services.impl.QuizzServiceImpl     : Get all quizzes by pseudo
2017-01-04 16:54:43.437  INFO 7408 --- [http-nio-8090-exec-3] c.q.d.services.impl.AppServiceImpl       : Get all friens by pseudo. [pseudoDonatien] 
2017-01-04 16:54:43.443  INFO 7408 --- [http-nio-8090-exec-3] c.q.d.services.impl.UserServiceImpl      : Get all friends by pseudo
2017-01-04 16:54:43.450  INFO 7408 --- [http-nio-8090-exec-3] c.q.d.services.impl.UserServiceImpl      : Get User [pseudo: Donatien]
2017-01-04 16:54:49.774  INFO 7408 --- [http-nio-8090-exec-4] c.q.d.services.impl.AppServiceImpl       : Get all friens by pseudo. [pseudoMaxence] 
2017-01-04 16:54:49.780  INFO 7408 --- [http-nio-8090-exec-4] c.q.d.services.impl.UserServiceImpl      : Get all friends by pseudo
2017-01-04 16:54:49.791  INFO 7408 --- [http-nio-8090-exec-4] c.q.d.services.impl.UserServiceImpl      : Get User [pseudo: Maxence]
2017-01-04 16:54:49.791  INFO 7408 --- [http-nio-8090-exec-4] c.q.d.services.impl.QuizzServiceImpl     : Get all quizzes by pseudo
2017-01-04 17:22:12.209  INFO 5972 --- [main] com.quizz.database.AppBoot               : Starting AppBoot on Ordi-nerf with PID 5972 (C:\Users\Camille\Documents\android\TopQuizzApi\target\classes started by Camille in C:\Users\Camille\Documents\android\TopQuizzApi)
2017-01-04 17:22:12.213  INFO 5972 --- [main] com.quizz.database.AppBoot               : No active profile set, falling back to default profiles: default
2017-01-04 17:22:12.291  INFO 5972 --- [main] ationConfigEmbeddedWebApplicationContext : Refreshing org.springframework.boot.context.embedded.AnnotationConfigEmbeddedWebApplicationContext@19970e8: startup date [Wed Jan 04 17:22:12 CET 2017]; root of context hierarchy
2017-01-04 17:22:13.820  INFO 5972 --- [main] trationDelegate$BeanPostProcessorChecker : Bean 'org.springframework.transaction.annotation.ProxyTransactionManagementConfiguration' of type [class org.springframework.transaction.annotation.ProxyTransactionManagementConfiguration$$EnhancerBySpringCGLIB$$d9276d65] is not eligible for getting processed by all BeanPostProcessors (for example: not eligible for auto-proxying)
2017-01-04 17:22:14.432  INFO 5972 --- [main] s.b.c.e.t.TomcatEmbeddedServletContainer : Tomcat initialized with port(s): 8090 (http)
2017-01-04 17:22:14.448  INFO 5972 --- [main] o.apache.catalina.core.StandardService   : Starting service Tomcat
2017-01-04 17:22:14.449  INFO 5972 --- [main] org.apache.catalina.core.StandardEngine  : Starting Servlet Engine: Apache Tomcat/8.5.5
2017-01-04 17:22:14.575  INFO 5972 --- [localhost-startStop-1] o.a.c.c.C.[Tomcat].[localhost].[/]       : Initializing Spring embedded WebApplicationContext
2017-01-04 17:22:14.575  INFO 5972 --- [localhost-startStop-1] o.s.web.context.ContextLoader            : Root WebApplicationContext: initialization completed in 2285 ms
2017-01-04 17:22:14.745  INFO 5972 --- [localhost-startStop-1] o.s.b.w.servlet.ServletRegistrationBean  : Mapping servlet: 'dispatcherServlet' to [/]
2017-01-04 17:22:14.748  INFO 5972 --- [localhost-startStop-1] o.s.b.w.servlet.FilterRegistrationBean   : Mapping filter: 'characterEncodingFilter' to: [/*]
2017-01-04 17:22:14.749  INFO 5972 --- [localhost-startStop-1] o.s.b.w.servlet.FilterRegistrationBean   : Mapping filter: 'hiddenHttpMethodFilter' to: [/*]
2017-01-04 17:22:14.749  INFO 5972 --- [localhost-startStop-1] o.s.b.w.servlet.FilterRegistrationBean   : Mapping filter: 'httpPutFormContentFilter' to: [/*]
2017-01-04 17:22:14.749  INFO 5972 --- [localhost-startStop-1] o.s.b.w.servlet.FilterRegistrationBean   : Mapping filter: 'requestContextFilter' to: [/*]
2017-01-04 17:22:15.013  INFO 5972 --- [main] j.LocalContainerEntityManagerFactoryBean : Building JPA container EntityManagerFactory for persistence unit 'default'
2017-01-04 17:22:16.672  INFO 5972 --- [main] j.LocalContainerEntityManagerFactoryBean : Initialized JPA EntityManagerFactory for persistence unit 'default'
2017-01-04 17:22:17.470  INFO 5972 --- [main] s.w.s.m.m.a.RequestMappingHandlerAdapter : Looking for @ControllerAdvice: org.springframework.boot.context.embedded.AnnotationConfigEmbeddedWebApplicationContext@19970e8: startup date [Wed Jan 04 17:22:12 CET 2017]; root of context hierarchy
2017-01-04 17:22:17.543  INFO 5972 --- [main] s.w.s.m.m.a.RequestMappingHandlerMapping : Mapped "{[/friends/delete],methods=[POST],produces=[application/json;charset=UTF-8]}" onto public org.springframework.http.ResponseEntity<com.quizz.database.modeles.ReturnObject> com.quizz.database.controllers.FriendsController.deleteFriend(java.lang.String,java.lang.String)
2017-01-04 17:22:17.544  INFO 5972 --- [main] s.w.s.m.m.a.RequestMappingHandlerMapping : Mapped "{[/friends/getAllFriendsByPseudo],methods=[POST],produces=[application/json;charset=UTF-8]}" onto public org.springframework.http.ResponseEntity<com.quizz.database.modeles.ReturnObject> com.quizz.database.controllers.FriendsController.getAllFriendsByPseudo(java.lang.String)
2017-01-04 17:22:17.544  INFO 5972 --- [main] s.w.s.m.m.a.RequestMappingHandlerMapping : Mapped "{[/friends/add],methods=[POST],produces=[application/json;charset=UTF-8]}" onto public org.springframework.http.ResponseEntity<com.quizz.database.modeles.ReturnObject> com.quizz.database.controllers.FriendsController.addFriendbyPseudo(java.lang.String,java.lang.String)
2017-01-04 17:22:17.545  INFO 5972 --- [main] s.w.s.m.m.a.RequestMappingHandlerMapping : Mapped "{[/friends/]}" onto public org.springframework.http.ResponseEntity<?> com.quizz.database.controllers.FriendsController.home()
2017-01-04 17:22:17.546  INFO 5972 --- [main] s.w.s.m.m.a.RequestMappingHandlerMapping : Mapped "{[/question/add],methods=[POST],produces=[application/json;charset=UTF-8]}" onto public org.springframework.http.ResponseEntity<com.quizz.database.modeles.ReturnObject> com.quizz.database.controllers.QuestionController.addQuestion(java.lang.String,java.lang.String,java.lang.String,java.lang.String)
2017-01-04 17:22:17.546  INFO 5972 --- [main] s.w.s.m.m.a.RequestMappingHandlerMapping : Mapped "{[/question/]}" onto public org.springframework.http.ResponseEntity<?> com.quizz.database.controllers.QuestionController.home()
2017-01-04 17:22:17.548  INFO 5972 --- [main] s.w.s.m.m.a.RequestMappingHandlerMapping : Mapped "{[/quizz/add],methods=[POST],produces=[application/json;charset=UTF-8]}" onto public org.springframework.http.ResponseEntity<com.quizz.database.modeles.ReturnObject> com.quizz.database.controllers.QuizzController.addQuizz(java.lang.String,java.lang.String,java.lang.String)
2017-01-04 17:22:17.548  INFO 5972 --- [main] s.w.s.m.m.a.RequestMappingHandlerMapping : Mapped "{[/quizz/deleteQuizzById],methods=[POST],produces=[application/json;charset=UTF-8]}" onto public org.springframework.http.ResponseEntity<com.quizz.database.modeles.ReturnObject> com.quizz.database.controllers.QuizzController.deleteQuizzById(java.lang.Integer)
2017-01-04 17:22:17.548  INFO 5972 --- [main] s.w.s.m.m.a.RequestMappingHandlerMapping : Mapped "{[/quizz/getQuizzByName],methods=[POST],produces=[application/json;charset=UTF-8]}" onto public org.springframework.http.ResponseEntity<com.quizz.database.modeles.ReturnObject> com.quizz.database.controllers.QuizzController.getQuizzByName(java.lang.String)
2017-01-04 17:22:17.549  INFO 5972 --- [main] s.w.s.m.m.a.RequestMappingHandlerMapping : Mapped "{[/quizz/getAllQuizzesByPseudo],methods=[POST],produces=[application/json;charset=UTF-8]}" onto public org.springframework.http.ResponseEntity<com.quizz.database.modeles.ReturnObject> com.quizz.database.controllers.QuizzController.getAllQuizzesByPseudo(java.lang.String)
2017-01-04 17:22:17.549  INFO 5972 --- [main] s.w.s.m.m.a.RequestMappingHandlerMapping : Mapped "{[/quizz/]}" onto public org.springframework.http.ResponseEntity<?> com.quizz.database.controllers.QuizzController.home()
2017-01-04 17:22:17.550  INFO 5972 --- [main] s.w.s.m.m.a.RequestMappingHandlerMapping : Mapped "{[/response/addTmpResponse],methods=[POST],produces=[application/json;charset=UTF-8]}" onto public org.springframework.http.ResponseEntity<com.quizz.database.modeles.ReturnObject> com.quizz.database.controllers.ResponseController.addTmpResponse(java.lang.String,java.lang.String,java.lang.String,java.lang.Boolean)
2017-01-04 17:22:17.550  INFO 5972 --- [main] s.w.s.m.m.a.RequestMappingHandlerMapping : Mapped "{[/response/]}" onto public org.springframework.http.ResponseEntity<?> com.quizz.database.controllers.ResponseController.home()
2017-01-04 17:22:17.553  INFO 5972 --- [main] s.w.s.m.m.a.RequestMappingHandlerMapping : Mapped "{[/statistic/getTenLastScoreForQuizz],methods=[POST],produces=[application/json;charset=UTF-8]}" onto public org.springframework.http.ResponseEntity<com.quizz.database.modeles.ReturnObject> com.quizz.database.controllers.StatisticController.addResponse(java.lang.String,java.lang.Integer)
2017-01-04 17:22:17.553  INFO 5972 --- [main] s.w.s.m.m.a.RequestMappingHandlerMapping : Mapped "{[/statistic/addScoreForQuizz],methods=[POST],produces=[application/json;charset=UTF-8]}" onto public org.springframework.http.ResponseEntity<com.quizz.database.modeles.ReturnObject> com.quizz.database.controllers.StatisticController.addTmpResponse(java.lang.String,java.lang.Integer,java.lang.String,java.lang.Integer,java.lang.Integer)
2017-01-04 17:22:17.553  INFO 5972 --- [main] s.w.s.m.m.a.RequestMappingHandlerMapping : Mapped "{[/statistic/]}" onto public org.springframework.http.ResponseEntity<?> com.quizz.database.controllers.StatisticController.home()
2017-01-04 17:22:17.555  INFO 5972 --- [main] s.w.s.m.m.a.RequestMappingHandlerMapping : Mapped "{[/theme/delete],methods=[POST],produces=[application/json;charset=UTF-8]}" onto public org.springframework.http.ResponseEntity<com.quizz.database.modeles.ReturnObject> com.quizz.database.controllers.ThemeController.deleteTheme(int)
2017-01-04 17:22:17.555  INFO 5972 --- [main] s.w.s.m.m.a.RequestMappingHandlerMapping : Mapped "{[/theme/getAllThemes],methods=[POST],produces=[application/json;charset=UTF-8]}" onto public org.springframework.http.ResponseEntity<com.quizz.database.modeles.ReturnObject> com.quizz.database.controllers.ThemeController.getAllThemes()
2017-01-04 17:22:17.555  INFO 5972 --- [main] s.w.s.m.m.a.RequestMappingHandlerMapping : Mapped "{[/theme/add],methods=[POST],produces=[application/json;charset=UTF-8]}" onto public org.springframework.http.ResponseEntity<com.quizz.database.modeles.ReturnObject> com.quizz.database.controllers.ThemeController.addTheme(java.lang.String)
2017-01-04 17:22:17.556  INFO 5972 --- [main] s.w.s.m.m.a.RequestMappingHandlerMapping : Mapped "{[/theme/getByName],methods=[POST],produces=[application/json;charset=UTF-8]}" onto public org.springframework.http.ResponseEntity<com.quizz.database.modeles.ReturnObject> com.quizz.database.controllers.ThemeController.getThemeByName(java.lang.String)
2017-01-04 17:22:17.556  INFO 5972 --- [main] s.w.s.m.m.a.RequestMappingHandlerMapping : Mapped "{[/theme/getQuestionsByThemes],methods=[POST],produces=[application/json;charset=UTF-8]}" onto public org.springframework.http.ResponseEntity<com.quizz.database.modeles.ReturnObject> com.quizz.database.controllers.ThemeController.getQuestionsByName(java.lang.String,java.lang.String)
2017-01-04 17:22:17.556  INFO 5972 --- [main] s.w.s.m.m.a.RequestMappingHandlerMapping : Mapped "{[/theme/getAllByUser],methods=[POST],produces=[application/json;charset=UTF-8]}" onto public org.springframework.http.ResponseEntity<com.quizz.database.modeles.ReturnObject> com.quizz.database.controllers.ThemeController.getAllThemesByUser(java.lang.String)
2017-01-04 17:22:17.556  INFO 5972 --- [main] s.w.s.m.m.a.RequestMappingHandlerMapping : Mapped "{[/theme/]}" onto public org.springframework.http.ResponseEntity<?> com.quizz.database.controllers.ThemeController.home()
2017-01-04 17:22:17.558  INFO 5972 --- [main] s.w.s.m.m.a.RequestMappingHandlerMapping : Mapped "{[/user/activeUser],methods=[GET],produces=[application/json;charset=UTF-8]}" onto public org.springframework.http.ResponseEntity<com.quizz.database.modeles.ReturnObject> com.quizz.database.controllers.UserController.activeUser(java.lang.String)
2017-01-04 17:22:17.559  INFO 5972 --- [main] s.w.s.m.m.a.RequestMappingHandlerMapping : Mapped "{[/user/getByMail],methods=[POST],produces=[application/json;charset=UTF-8]}" onto public org.springframework.http.ResponseEntity<com.quizz.database.modeles.ReturnObject> com.quizz.database.controllers.UserController.getUserByMail(java.lang.String)
2017-01-04 17:22:17.559  INFO 5972 --- [main] s.w.s.m.m.a.RequestMappingHandlerMapping : Mapped "{[/user/get],methods=[POST],produces=[application/json;charset=UTF-8]}" onto public org.springframework.http.ResponseEntity<com.quizz.database.modeles.ReturnObject> com.quizz.database.controllers.UserController.getUser(java.lang.String)
2017-01-04 17:22:17.567  INFO 5972 --- [main] s.w.s.m.m.a.RequestMappingHandlerMapping : Mapped "{[/user/add],methods=[POST],produces=[application/json;charset=UTF-8]}" onto public org.springframework.http.ResponseEntity<com.quizz.database.modeles.ReturnObject> com.quizz.database.controllers.UserController.addUser(java.lang.String,java.lang.String,java.lang.String)
2017-01-04 17:22:17.567  INFO 5972 --- [main] s.w.s.m.m.a.RequestMappingHandlerMapping : Mapped "{[/user/changePassword],methods=[POST],produces=[application/json;charset=UTF-8]}" onto public org.springframework.http.ResponseEntity<com.quizz.database.modeles.ReturnObject> com.quizz.database.controllers.UserController.changePassword(java.lang.String,java.lang.String)
2017-01-04 17:22:17.567  INFO 5972 --- [main] s.w.s.m.m.a.RequestMappingHandlerMapping : Mapped "{[/user/searchUserByPseudo],methods=[GET],produces=[application/json;charset=UTF-8]}" onto public org.springframework.http.ResponseEntity<com.quizz.database.modeles.ReturnObject> com.quizz.database.controllers.UserController.searchUserByPseudo(java.lang.String)
2017-01-04 17:22:17.567  INFO 5972 --- [main] s.w.s.m.m.a.RequestMappingHandlerMapping : Mapped "{[/user/checkCredentials],methods=[POST],produces=[application/json;charset=UTF-8]}" onto public org.springframework.http.ResponseEntity<com.quizz.database.modeles.ReturnObject> com.quizz.database.controllers.UserController.checkCredentials(java.lang.String,java.lang.String)
2017-01-04 17:22:17.568  INFO 5972 --- [main] s.w.s.m.m.a.RequestMappingHandlerMapping : Mapped "{[/user/]}" onto public org.springframework.http.ResponseEntity<?> com.quizz.database.controllers.UserController.home()
2017-01-04 17:22:17.570  INFO 5972 --- [main] s.w.s.m.m.a.RequestMappingHandlerMapping : Mapped "{[/error],produces=[text/html]}" onto public org.springframework.web.servlet.ModelAndView org.springframework.boot.autoconfigure.web.BasicErrorController.errorHtml(javax.servlet.http.HttpServletRequest,javax.servlet.http.HttpServletResponse)
2017-01-04 17:22:17.570  INFO 5972 --- [main] s.w.s.m.m.a.RequestMappingHandlerMapping : Mapped "{[/error]}" onto public org.springframework.http.ResponseEntity<java.util.Map<java.lang.String, java.lang.Object>> org.springframework.boot.autoconfigure.web.BasicErrorController.error(javax.servlet.http.HttpServletRequest)
2017-01-04 17:22:17.609  INFO 5972 --- [main] o.s.w.s.handler.SimpleUrlHandlerMapping  : Mapped URL path [/webjars/**] onto handler of type [class org.springframework.web.servlet.resource.ResourceHttpRequestHandler]
2017-01-04 17:22:17.609  INFO 5972 --- [main] o.s.w.s.handler.SimpleUrlHandlerMapping  : Mapped URL path [/**] onto handler of type [class org.springframework.web.servlet.resource.ResourceHttpRequestHandler]
2017-01-04 17:22:17.652  INFO 5972 --- [main] o.s.w.s.handler.SimpleUrlHandlerMapping  : Mapped URL path [/**/favicon.ico] onto handler of type [class org.springframework.web.servlet.resource.ResourceHttpRequestHandler]
2017-01-04 17:22:17.911  INFO 5972 --- [main] o.s.j.e.a.AnnotationMBeanExporter        : Registering beans for JMX exposure on startup
2017-01-04 17:22:17.944 ERROR 5972 --- [main] o.a.coyote.http11.Http11NioProtocol      : Failed to start end point associated with ProtocolHandler [http-nio-8090]

java.net.BindException: Address already in use: bind
	at sun.nio.ch.Net.bind0(Native Method) ~[na:1.7.0_79]
	at sun.nio.ch.Net.bind(Net.java:444) ~[na:1.7.0_79]
	at sun.nio.ch.Net.bind(Net.java:436) ~[na:1.7.0_79]
	at sun.nio.ch.ServerSocketChannelImpl.bind(ServerSocketChannelImpl.java:214) ~[na:1.7.0_79]
	at sun.nio.ch.ServerSocketAdaptor.bind(ServerSocketAdaptor.java:74) ~[na:1.7.0_79]
	at org.apache.tomcat.util.net.NioEndpoint.bind(NioEndpoint.java:228) ~[tomcat-embed-core-8.5.5.jar:8.5.5]
	at org.apache.tomcat.util.net.AbstractEndpoint.start(AbstractEndpoint.java:874) ~[tomcat-embed-core-8.5.5.jar:8.5.5]
	at org.apache.coyote.AbstractProtocol.start(AbstractProtocol.java:590) ~[tomcat-embed-core-8.5.5.jar:8.5.5]
	at org.apache.catalina.connector.Connector.startInternal(Connector.java:969) [tomcat-embed-core-8.5.5.jar:8.5.5]
	at org.apache.catalina.util.LifecycleBase.start(LifecycleBase.java:150) [tomcat-embed-core-8.5.5.jar:8.5.5]
	at org.apache.catalina.core.StandardService.addConnector(StandardService.java:225) [tomcat-embed-core-8.5.5.jar:8.5.5]
	at org.springframework.boot.context.embedded.tomcat.TomcatEmbeddedServletContainer.addPreviouslyRemovedConnectors(TomcatEmbeddedServletContainer.java:233) [spring-boot-1.4.1.RELEASE.jar:1.4.1.RELEASE]
	at org.springframework.boot.context.embedded.tomcat.TomcatEmbeddedServletContainer.start(TomcatEmbeddedServletContainer.java:178) [spring-boot-1.4.1.RELEASE.jar:1.4.1.RELEASE]
	at org.springframework.boot.context.embedded.EmbeddedWebApplicationContext.startEmbeddedServletContainer(EmbeddedWebApplicationContext.java:297) [spring-boot-1.4.1.RELEASE.jar:1.4.1.RELEASE]
	at org.springframework.boot.context.embedded.EmbeddedWebApplicationContext.finishRefresh(EmbeddedWebApplicationContext.java:145) [spring-boot-1.4.1.RELEASE.jar:1.4.1.RELEASE]
	at org.springframework.context.support.AbstractApplicationContext.refresh(AbstractApplicationContext.java:544) [spring-context-4.3.3.RELEASE.jar:4.3.3.RELEASE]
	at org.springframework.boot.context.embedded.EmbeddedWebApplicationContext.refresh(EmbeddedWebApplicationContext.java:122) [spring-boot-1.4.1.RELEASE.jar:1.4.1.RELEASE]
	at org.springframework.boot.SpringApplication.refresh(SpringApplication.java:761) [spring-boot-1.4.1.RELEASE.jar:1.4.1.RELEASE]
	at org.springframework.boot.SpringApplication.refreshContext(SpringApplication.java:371) [spring-boot-1.4.1.RELEASE.jar:1.4.1.RELEASE]
	at org.springframework.boot.SpringApplication.run(SpringApplication.java:315) [spring-boot-1.4.1.RELEASE.jar:1.4.1.RELEASE]
	at org.springframework.boot.SpringApplication.run(SpringApplication.java:1186) [spring-boot-1.4.1.RELEASE.jar:1.4.1.RELEASE]
	at org.springframework.boot.SpringApplication.run(SpringApplication.java:1175) [spring-boot-1.4.1.RELEASE.jar:1.4.1.RELEASE]
	at com.quizz.database.AppBoot.main(AppBoot.java:15) [classes/:na]

2017-01-04 17:22:17.945 ERROR 5972 --- [main] o.apache.catalina.core.StandardService   : Failed to start connector [Connector[HTTP/1.1-8090]]

org.apache.catalina.LifecycleException: Failed to start component [Connector[HTTP/1.1-8090]]
	at org.apache.catalina.util.LifecycleBase.start(LifecycleBase.java:167) ~[tomcat-embed-core-8.5.5.jar:8.5.5]
	at org.apache.catalina.core.StandardService.addConnector(StandardService.java:225) ~[tomcat-embed-core-8.5.5.jar:8.5.5]
	at org.springframework.boot.context.embedded.tomcat.TomcatEmbeddedServletContainer.addPreviouslyRemovedConnectors(TomcatEmbeddedServletContainer.java:233) [spring-boot-1.4.1.RELEASE.jar:1.4.1.RELEASE]
	at org.springframework.boot.context.embedded.tomcat.TomcatEmbeddedServletContainer.start(TomcatEmbeddedServletContainer.java:178) [spring-boot-1.4.1.RELEASE.jar:1.4.1.RELEASE]
	at org.springframework.boot.context.embedded.EmbeddedWebApplicationContext.startEmbeddedServletContainer(EmbeddedWebApplicationContext.java:297) [spring-boot-1.4.1.RELEASE.jar:1.4.1.RELEASE]
	at org.springframework.boot.context.embedded.EmbeddedWebApplicationContext.finishRefresh(EmbeddedWebApplicationContext.java:145) [spring-boot-1.4.1.RELEASE.jar:1.4.1.RELEASE]
	at org.springframework.context.support.AbstractApplicationContext.refresh(AbstractApplicationContext.java:544) [spring-context-4.3.3.RELEASE.jar:4.3.3.RELEASE]
	at org.springframework.boot.context.embedded.EmbeddedWebApplicationContext.refresh(EmbeddedWebApplicationContext.java:122) [spring-boot-1.4.1.RELEASE.jar:1.4.1.RELEASE]
	at org.springframework.boot.SpringApplication.refresh(SpringApplication.java:761) [spring-boot-1.4.1.RELEASE.jar:1.4.1.RELEASE]
	at org.springframework.boot.SpringApplication.refreshContext(SpringApplication.java:371) [spring-boot-1.4.1.RELEASE.jar:1.4.1.RELEASE]
	at org.springframework.boot.SpringApplication.run(SpringApplication.java:315) [spring-boot-1.4.1.RELEASE.jar:1.4.1.RELEASE]
	at org.springframework.boot.SpringApplication.run(SpringApplication.java:1186) [spring-boot-1.4.1.RELEASE.jar:1.4.1.RELEASE]
	at org.springframework.boot.SpringApplication.run(SpringApplication.java:1175) [spring-boot-1.4.1.RELEASE.jar:1.4.1.RELEASE]
	at com.quizz.database.AppBoot.main(AppBoot.java:15) [classes/:na]
Caused by: org.apache.catalina.LifecycleException: service.getName(): "Tomcat";  Protocol handler start failed
	at org.apache.catalina.connector.Connector.startInternal(Connector.java:976) ~[tomcat-embed-core-8.5.5.jar:8.5.5]
	at org.apache.catalina.util.LifecycleBase.start(LifecycleBase.java:150) ~[tomcat-embed-core-8.5.5.jar:8.5.5]
	... 13 common frames omitted
Caused by: java.net.BindException: Address already in use: bind
	at sun.nio.ch.Net.bind0(Native Method) ~[na:1.7.0_79]
	at sun.nio.ch.Net.bind(Net.java:444) ~[na:1.7.0_79]
	at sun.nio.ch.Net.bind(Net.java:436) ~[na:1.7.0_79]
	at sun.nio.ch.ServerSocketChannelImpl.bind(ServerSocketChannelImpl.java:214) ~[na:1.7.0_79]
	at sun.nio.ch.ServerSocketAdaptor.bind(ServerSocketAdaptor.java:74) ~[na:1.7.0_79]
	at org.apache.tomcat.util.net.NioEndpoint.bind(NioEndpoint.java:228) ~[tomcat-embed-core-8.5.5.jar:8.5.5]
	at org.apache.tomcat.util.net.AbstractEndpoint.start(AbstractEndpoint.java:874) ~[tomcat-embed-core-8.5.5.jar:8.5.5]
	at org.apache.coyote.AbstractProtocol.start(AbstractProtocol.java:590) ~[tomcat-embed-core-8.5.5.jar:8.5.5]
	at org.apache.catalina.connector.Connector.startInternal(Connector.java:969) ~[tomcat-embed-core-8.5.5.jar:8.5.5]
	... 14 common frames omitted

2017-01-04 17:22:17.952  INFO 5972 --- [main] o.apache.catalina.core.StandardService   : Stopping service Tomcat
2017-01-04 17:22:17.969  INFO 5972 --- [main] utoConfigurationReportLoggingInitializer : 

Error starting ApplicationContext. To display the auto-configuration report re-run your application with 'debug' enabled.
2017-01-04 17:22:17.977 ERROR 5972 --- [main] o.s.b.d.LoggingFailureAnalysisReporter   : 

***************************
APPLICATION FAILED TO START
***************************

Description:

The Tomcat connector configured to listen on port 8090 failed to start. The port may already be in use or the connector may be misconfigured.

Action:

Verify the connector's configuration, identify and stop any process that's listening on port 8090, or configure this application to listen on another port.

2017-01-04 17:22:17.980  INFO 5972 --- [main] ationConfigEmbeddedWebApplicationContext : Closing org.springframework.boot.context.embedded.AnnotationConfigEmbeddedWebApplicationContext@19970e8: startup date [Wed Jan 04 17:22:12 CET 2017]; root of context hierarchy
2017-01-04 17:22:17.984  INFO 5972 --- [main] o.s.j.e.a.AnnotationMBeanExporter        : Unregistering JMX-exposed beans on shutdown
2017-01-04 17:22:17.991  INFO 5972 --- [main] j.LocalContainerEntityManagerFactoryBean : Closing JPA EntityManagerFactory for persistence unit 'default'
2017-01-04 17:32:57.531  INFO 7408 --- [http-nio-8090-exec-6] c.q.d.services.impl.AppServiceImpl       : Get all friens by pseudo. [pseudoMaxence] 
2017-01-04 17:32:57.536  INFO 7408 --- [http-nio-8090-exec-6] c.q.d.services.impl.UserServiceImpl      : Get all friends by pseudo
2017-01-04 17:32:57.547  INFO 7408 --- [http-nio-8090-exec-6] c.q.d.services.impl.UserServiceImpl      : Get User [pseudo: Maxence]
2017-01-04 17:32:57.547  INFO 7408 --- [http-nio-8090-exec-6] c.q.d.services.impl.QuizzServiceImpl     : Get all quizzes by pseudo
2017-01-04 17:33:05.578  INFO 7408 --- [http-nio-8090-exec-7] c.q.d.services.impl.AppServiceImpl       : Get all friens by pseudo. [pseudoLouis] 
2017-01-04 17:33:05.582  INFO 7408 --- [http-nio-8090-exec-7] c.q.d.services.impl.UserServiceImpl      : Get all friends by pseudo
2017-01-04 17:33:05.589  INFO 7408 --- [http-nio-8090-exec-7] c.q.d.services.impl.UserServiceImpl      : Get User [pseudo: Louis]
2017-01-04 17:33:05.589  INFO 7408 --- [http-nio-8090-exec-7] c.q.d.services.impl.QuizzServiceImpl     : Get all quizzes by pseudo
2017-01-04 17:33:17.700  INFO 7408 --- [http-nio-8090-exec-8] c.q.d.services.impl.AppServiceImpl       :  add a friend. [friendPseudo: Donatien pseudoLouis] 
2017-01-04 17:33:17.709  INFO 7408 --- [http-nio-8090-exec-8] c.q.d.services.impl.UserServiceImpl      : Add friend 
2017-01-04 17:33:17.712 ERROR 7408 --- [http-nio-8090-exec-8] c.q.d.services.impl.UserServiceImpl      : This person is already your friend.  ERROR_300
2017-01-04 17:33:27.123  INFO 7408 --- [http-nio-8090-exec-9] c.q.d.services.impl.AppServiceImpl       :  delete a friend. [friendPseudo: Donatien pseudoLouis] 
2017-01-04 17:33:27.130  INFO 7408 --- [http-nio-8090-exec-9] c.q.d.services.impl.UserServiceImpl      : Delete Friend 
2017-01-04 17:33:28.225  INFO 7408 --- [http-nio-8090-exec-10] c.q.d.services.impl.AppServiceImpl       :  delete a friend. [friendPseudo: Donatien pseudoLouis] 
2017-01-04 17:33:28.233  INFO 7408 --- [http-nio-8090-exec-10] c.q.d.services.impl.UserServiceImpl      : Delete Friend 
2017-01-04 17:33:28.235 ERROR 7408 --- [http-nio-8090-exec-10] c.q.d.services.impl.UserServiceImpl      : This person is already not you friend. ERROR_100
2017-01-04 17:33:37.537  INFO 7408 --- [http-nio-8090-exec-1] c.q.d.services.impl.AppServiceImpl       :  delete a friend. [friendPseudo: Romain pseudoLouis] 
2017-01-04 17:33:37.546  INFO 7408 --- [http-nio-8090-exec-1] c.q.d.services.impl.UserServiceImpl      : Delete Friend 
2017-01-04 17:33:37.549 ERROR 7408 --- [http-nio-8090-exec-1] c.q.d.services.impl.UserServiceImpl      : This person is already not you friend. ERROR_100
2017-01-04 17:33:43.695  INFO 7408 --- [http-nio-8090-exec-2] c.q.d.services.impl.AppServiceImpl       :  add a friend. [friendPseudo: Romain pseudoLouis] 
2017-01-04 17:33:43.706  INFO 7408 --- [http-nio-8090-exec-2] c.q.d.services.impl.UserServiceImpl      : Add friend 
2017-01-04 17:33:43.727  INFO 7408 --- [http-nio-8090-exec-2] c.q.d.services.impl.UserServiceImpl      : Friend successfully added
